<?xml version="1.0" encoding="UTF-8"?>
<!-- Generated by org.testng.reporters.JUnitXMLReporter -->
<testsuite ignored="0" hostname="TekArch" failures="0" tests="4" name="Default test" time="50.148" errors="0" timestamp="15 Aug 2022 15:24:45 GMT">
  <testcase classname="sfdc.com.tests.LoginTest" name="checkRememberMe_TC03" time="25.595"/>
  <testcase classname="sfdc.com.tests.LoginTest" name="forgotPassword_TC04A" time="6.392"/>
  <testcase classname="sfdc.com.tests.LoginTest" name="forgotPassword_TC04B" time="5.681"/>
  <testcase classname="sfdc.com.tests.LoginTest" name="loginErrorMessage_TC01" time="6.618"/>
</testsuite> <!-- Default test -->
