<?xml version="1.0" encoding="UTF-8"?>
<!-- Generated by org.testng.reporters.JUnitXMLReporter -->
<testsuite ignored="0" hostname="TekArch" failures="5" tests="5" name="Test" time="39.772" errors="0" timestamp="15 Aug 2022 17:20:33 GMT">
  <testcase classname="sfdc.com.tests.LoginTest" name="forgotPassword_TC04A" time="7.24">
    <failure type="java.lang.NullPointerException" message="Cannot invoke &amp;quot;com.aventstack.extentreports.ExtentTest.info(String)&amp;quot; because &amp;quot;sfdc.com.tests.LoginTest.test&amp;quot; is null">
      <![CDATA[java.lang.NullPointerException: Cannot invoke "com.aventstack.extentreports.ExtentTest.info(String)" because "sfdc.com.tests.LoginTest.test" is null
at sfdc.com.tests.LoginTest.forgotPassword_TC04A(LoginTest.java:188)
at java.base/java.util.concurrent.ThreadPoolExecutor.runWorker(ThreadPoolExecutor.java:1136)
at java.base/java.util.concurrent.ThreadPoolExecutor$Worker.run(ThreadPoolExecutor.java:635)
at java.base/java.lang.Thread.run(Thread.java:833)
... Removed 8 stack frames]]>
    </failure>
  </testcase> <!-- forgotPassword_TC04A -->
  <testcase classname="sfdc.com.tests.LoginTest" name="forgotPassword_TC04B" time="6.966">
    <failure type="java.lang.NullPointerException" message="Cannot invoke &amp;quot;com.aventstack.extentreports.ExtentTest.info(String)&amp;quot; because &amp;quot;sfdc.com.tests.LoginTest.test&amp;quot; is null">
      <![CDATA[java.lang.NullPointerException: Cannot invoke "com.aventstack.extentreports.ExtentTest.info(String)" because "sfdc.com.tests.LoginTest.test" is null
at sfdc.com.tests.LoginTest.forgotPassword_TC04B(LoginTest.java:204)
at java.base/java.util.concurrent.ThreadPoolExecutor.runWorker(ThreadPoolExecutor.java:1136)
at java.base/java.util.concurrent.ThreadPoolExecutor$Worker.run(ThreadPoolExecutor.java:635)
at java.base/java.lang.Thread.run(Thread.java:833)
... Removed 8 stack frames]]>
    </failure>
  </testcase> <!-- forgotPassword_TC04B -->
  <testcase classname="sfdc.com.tests.LoginTest" name="loginErrorMessage_TC01" time="10.667">
    <failure type="java.lang.NullPointerException" message="Cannot invoke &amp;quot;com.aventstack.extentreports.ExtentTest.info(String)&amp;quot; because &amp;quot;sfdc.com.tests.LoginTest.test&amp;quot; is null">
      <![CDATA[java.lang.NullPointerException: Cannot invoke "com.aventstack.extentreports.ExtentTest.info(String)" because "sfdc.com.tests.LoginTest.test" is null
at sfdc.com.tests.LoginTest.loginErrorMessage_TC01(LoginTest.java:90)
at java.base/java.util.concurrent.ThreadPoolExecutor.runWorker(ThreadPoolExecutor.java:1136)
at java.base/java.util.concurrent.ThreadPoolExecutor$Worker.run(ThreadPoolExecutor.java:635)
at java.base/java.lang.Thread.run(Thread.java:833)
... Removed 8 stack frames]]>
    </failure>
  </testcase> <!-- loginErrorMessage_TC01 -->
  <testcase classname="sfdc.com.tests.LoginTest" name="checkRememberMe_TC03" time="12.485">
    <failure type="java.lang.NullPointerException" message="Cannot invoke &amp;quot;com.aventstack.extentreports.ExtentTest.info(String)&amp;quot; because &amp;quot;sfdc.com.tests.LoginTest.test&amp;quot; is null">
      <![CDATA[java.lang.NullPointerException: Cannot invoke "com.aventstack.extentreports.ExtentTest.info(String)" because "sfdc.com.tests.LoginTest.test" is null
at sfdc.com.tests.LoginTest.checkRememberMe_TC03(LoginTest.java:160)
at java.base/java.util.concurrent.ThreadPoolExecutor.runWorker(ThreadPoolExecutor.java:1136)
at java.base/java.util.concurrent.ThreadPoolExecutor$Worker.run(ThreadPoolExecutor.java:635)
at java.base/java.lang.Thread.run(Thread.java:833)
... Removed 8 stack frames]]>
    </failure>
  </testcase> <!-- checkRememberMe_TC03 -->
  <testcase classname="sfdc.com.tests.LoginTest" name="loginToSFDC_TC02" time="2.115">
    <failure type="java.lang.NullPointerException" message="Cannot invoke &amp;quot;com.aventstack.extentreports.ExtentTest.info(String)&amp;quot; because &amp;quot;sfdc.com.tests.LoginTest.test&amp;quot; is null">
      <![CDATA[java.lang.NullPointerException: Cannot invoke "com.aventstack.extentreports.ExtentTest.info(String)" because "sfdc.com.tests.LoginTest.test" is null
at sfdc.com.tests.LoginTest.loginToSFDC_TC02(LoginTest.java:145)
at java.base/java.util.concurrent.ThreadPoolExecutor.runWorker(ThreadPoolExecutor.java:1136)
at java.base/java.util.concurrent.ThreadPoolExecutor$Worker.run(ThreadPoolExecutor.java:635)
at java.base/java.lang.Thread.run(Thread.java:833)
... Removed 8 stack frames]]>
    </failure>
  </testcase> <!-- loginToSFDC_TC02 -->
</testsuite> <!-- Test -->
