<?xml version="1.0" encoding="UTF-8"?>
<!-- Generated by org.testng.reporters.JUnitXMLReporter -->
<testsuite ignored="3" hostname="TekArch" failures="2" tests="2" name="Test" time="12.064" errors="0" timestamp="15 Aug 2022 15:02:20 GMT">
  <testcase classname="sfdc.com.tests.LoginTest" name="loginErrorMessage_TC01" time="2.81">
    <failure type="java.lang.NullPointerException" message="Cannot invoke &amp;quot;com.aventstack.extentreports.ExtentTest.info(String)&amp;quot; because &amp;quot;sfdc.com.tests.LoginTest.test&amp;quot; is null">
      <![CDATA[java.lang.NullPointerException: Cannot invoke "com.aventstack.extentreports.ExtentTest.info(String)" because "sfdc.com.tests.LoginTest.test" is null
at sfdc.com.tests.LoginTest.loginErrorMessage_TC01(LoginTest.java:92)
... Removed 23 stack frames]]>
    </failure>
  </testcase> <!-- loginErrorMessage_TC01 -->
  <testcase classname="sfdc.com.tests.LoginTest" name="loginToSFDC_TC02" time="2.819">
    <failure type="java.lang.NullPointerException" message="Cannot invoke &amp;quot;com.aventstack.extentreports.ExtentTest.info(String)&amp;quot; because &amp;quot;sfdc.com.tests.LoginTest.test&amp;quot; is null">
      <![CDATA[java.lang.NullPointerException: Cannot invoke "com.aventstack.extentreports.ExtentTest.info(String)" because "sfdc.com.tests.LoginTest.test" is null
at sfdc.com.tests.LoginTest.loginToSFDC_TC02(LoginTest.java:148)
... Removed 23 stack frames]]>
    </failure>
  </testcase> <!-- loginToSFDC_TC02 -->
  <testcase classname="sfdc.com.tests.LoginTest" name="forgotPassword_TC04B" time="0.0">
    <ignored/>
  </testcase> <!-- forgotPassword_TC04B -->
  <testcase classname="sfdc.com.tests.LoginTest" name="checkRememberMe_TC03" time="0.0">
    <ignored/>
  </testcase> <!-- checkRememberMe_TC03 -->
  <testcase classname="sfdc.com.tests.LoginTest" name="forgotPassword_TC04A" time="0.0">
    <ignored/>
  </testcase> <!-- forgotPassword_TC04A -->
</testsuite> <!-- Test -->
