<?xml version="1.0" encoding="UTF-8"?>
<!-- Generated by org.testng.reporters.JUnitXMLReporter -->
<testsuite ignored="4" hostname="TekArch" failures="1" tests="4" name="LoginTest" time="105.428" errors="0" timestamp="15 Aug 2022 16:47:03 GMT">
  <testcase classname="sfdc.com.tests.LoginTest" name="forgotPassword_TC04A" time="6.11"/>
  <testcase classname="sfdc.com.tests.LoginTest" name="forgotPassword_TC04B" time="7.12"/>
  <testcase classname="sfdc.com.tests.UserMenuTest" name="editProfile_TC06" time="66.0"/>
  <testcase classname="sfdc.com.tests.LoginTest" name="loginToSFDC_TC02" time="5.655">
    <failure type="java.lang.AssertionError" message="Free trial option should be available expected [true] but found [false]">
      <![CDATA[java.lang.AssertionError: Free trial option should be available expected [true] but found [false]
at sfdc.com.tests.LoginTest.loginToSFDC_TC02(LoginTest.java:150)
... Removed 26 stack frames]]>
    </failure>
  </testcase> <!-- loginToSFDC_TC02 -->
  <testcase classname="sfdc.com.tests.BaseTest" name="@AfterSuite tearDown" time="0.0">
    <ignored/>
  </testcase> <!-- @AfterSuite tearDown -->
  <testcase classname="sfdc.com.tests.LoginTest" name="checkRememberMe_TC03" time="0.0">
    <ignored/>
  </testcase> <!-- checkRememberMe_TC03 -->
  <testcase classname="sfdc.com.tests.BaseTest" name="@BeforeSuite setUp" time="0.0">
    <ignored/>
  </testcase> <!-- @BeforeSuite setUp -->
  <testcase classname="sfdc.com.tests.LoginTest" name="loginErrorMessage_TC01" time="0.0">
    <ignored/>
  </testcase> <!-- loginErrorMessage_TC01 -->
</testsuite> <!-- LoginTest -->
