<?xml version="1.0" encoding="UTF-8"?>
<testng-results ignored="0" total="5" passed="0" failed="5" skipped="0">
  <reporter-output>
  </reporter-output>
  <suite started-at="2022-08-15T17:19:53Z" name="Suite" finished-at="2022-08-15T17:20:33Z" duration-ms="39772">
    <groups>
      <group name="Login">
        <method signature="LoginTest.checkRememberMe_TC03()[pri:0, instance:sfdc.com.tests.LoginTest@79c4715d]" name="checkRememberMe_TC03" class="sfdc.com.tests.LoginTest"/>
        <method signature="LoginTest.forgotPassword_TC04A()[pri:0, instance:sfdc.com.tests.LoginTest@79c4715d]" name="forgotPassword_TC04A" class="sfdc.com.tests.LoginTest"/>
        <method signature="LoginTest.forgotPassword_TC04B()[pri:0, instance:sfdc.com.tests.LoginTest@79c4715d]" name="forgotPassword_TC04B" class="sfdc.com.tests.LoginTest"/>
        <method signature="LoginTest.loginErrorMessage_TC01(java.lang.reflect.Method)[pri:0, instance:sfdc.com.tests.LoginTest@79c4715d]" name="loginErrorMessage_TC01" class="sfdc.com.tests.LoginTest"/>
        <method signature="LoginTest.loginToSFDC_TC02()[pri:1, instance:sfdc.com.tests.LoginTest@79c4715d]" name="loginToSFDC_TC02" class="sfdc.com.tests.LoginTest"/>
      </group> <!-- Login -->
    </groups>
    <test started-at="2022-08-15T17:19:53Z" name="Test" finished-at="2022-08-15T17:20:33Z" duration-ms="39772">
      <class name="sfdc.com.tests.LoginTest">
        <test-method is-config="true" signature="setUp(org.testng.ITestContext)[pri:0, instance:sfdc.com.tests.LoginTest@79c4715d]" started-at="2022-08-15T17:19:52Z" name="setUp" finished-at="2022-08-15T17:19:53Z" duration-ms="523" status="PASS">
          <params>
            <param index="0">
              <value>
                <![CDATA[org.testng.TestRunner@4fe01803]]>
              </value>
            </param>
          </params>
          <reporter-output>
          </reporter-output>
        </test-method> <!-- setUp -->
        <test-method is-config="true" signature="initializeReport()[pri:0, instance:sfdc.com.tests.LoginTest@79c4715d]" started-at="2022-08-15T17:19:53Z" name="initializeReport" finished-at="2022-08-15T17:19:53Z" duration-ms="6" status="PASS">
          <reporter-output>
          </reporter-output>
        </test-method> <!-- initializeReport -->
        <test-method is-config="true" signature="setUp()[pri:0, instance:sfdc.com.tests.LoginTest@79c4715d]" started-at="2022-08-15T17:19:53Z" name="setUp" finished-at="2022-08-15T17:19:53Z" duration-ms="1" status="PASS">
          <reporter-output>
          </reporter-output>
        </test-method> <!-- setUp -->
        <test-method is-config="true" signature="driverSetup(org.testng.ITestContext)[pri:0, instance:sfdc.com.tests.LoginTest@79c4715d]" started-at="2022-08-15T17:19:53Z" name="driverSetup" finished-at="2022-08-15T17:20:11Z" duration-ms="18509" status="PASS">
          <params>
            <param index="0">
              <value>
                <![CDATA[org.testng.TestRunner@4fe01803]]>
              </value>
            </param>
          </params>
          <reporter-output>
          </reporter-output>
        </test-method> <!-- driverSetup -->
        <test-method is-config="true" signature="driverSetup(org.testng.ITestContext)[pri:0, instance:sfdc.com.tests.LoginTest@79c4715d]" started-at="2022-08-15T17:19:53Z" name="driverSetup" finished-at="2022-08-15T17:20:10Z" duration-ms="17121" status="PASS">
          <params>
            <param index="0">
              <value>
                <![CDATA[org.testng.TestRunner@4fe01803]]>
              </value>
            </param>
          </params>
          <reporter-output>
          </reporter-output>
        </test-method> <!-- driverSetup -->
        <test-method is-config="true" signature="driverSetup(org.testng.ITestContext)[pri:0, instance:sfdc.com.tests.LoginTest@79c4715d]" started-at="2022-08-15T17:19:53Z" name="driverSetup" finished-at="2022-08-15T17:20:10Z" duration-ms="16636" status="PASS">
          <params>
            <param index="0">
              <value>
                <![CDATA[org.testng.TestRunner@4fe01803]]>
              </value>
            </param>
          </params>
          <reporter-output>
          </reporter-output>
        </test-method> <!-- driverSetup -->
        <test-method is-config="true" signature="driverSetup(org.testng.ITestContext)[pri:0, instance:sfdc.com.tests.LoginTest@79c4715d]" started-at="2022-08-15T17:19:53Z" name="driverSetup" finished-at="2022-08-15T17:20:10Z" duration-ms="16628" status="PASS">
          <params>
            <param index="0">
              <value>
                <![CDATA[org.testng.TestRunner@4fe01803]]>
              </value>
            </param>
          </params>
          <reporter-output>
          </reporter-output>
        </test-method> <!-- driverSetup -->
        <test-method signature="loginErrorMessage_TC01(java.lang.reflect.Method)[pri:0, instance:sfdc.com.tests.LoginTest@79c4715d]" started-at="2022-08-15T17:20:10Z" name="loginErrorMessage_TC01" finished-at="2022-08-15T17:20:20Z" duration-ms="10667" status="FAIL">
          <params>
            <param index="0">
              <value>
                <![CDATA[public void sfdc.com.tests.LoginTest.loginErrorMessage_TC01(java.lang.reflect.Method) throws java.io.IOException]]>
              </value>
            </param>
          </params>
          <exception class="java.lang.NullPointerException">
            <message>
              <![CDATA[Cannot invoke "com.aventstack.extentreports.ExtentTest.info(String)" because "sfdc.com.tests.LoginTest.test" is null]]>
            </message>
            <full-stacktrace>
              <![CDATA[java.lang.NullPointerException: Cannot invoke "com.aventstack.extentreports.ExtentTest.info(String)" because "sfdc.com.tests.LoginTest.test" is null
at sfdc.com.tests.LoginTest.loginErrorMessage_TC01(LoginTest.java:90)
at java.base/jdk.internal.reflect.DirectMethodHandleAccessor.invoke(DirectMethodHandleAccessor.java:104)
at java.base/java.lang.reflect.Method.invoke(Method.java:577)
at org.testng.internal.MethodInvocationHelper.invokeMethod(MethodInvocationHelper.java:124)
at org.testng.internal.Invoker.invokeMethod(Invoker.java:583)
at org.testng.internal.Invoker.invokeTestMethod(Invoker.java:719)
at org.testng.internal.Invoker.invokeTestMethods(Invoker.java:989)
at org.testng.internal.TestMethodWorker.invokeTestMethods(TestMethodWorker.java:125)
at org.testng.internal.TestMethodWorker.run(TestMethodWorker.java:109)
at java.base/java.util.concurrent.ThreadPoolExecutor.runWorker(ThreadPoolExecutor.java:1136)
at java.base/java.util.concurrent.ThreadPoolExecutor$Worker.run(ThreadPoolExecutor.java:635)
at java.base/java.lang.Thread.run(Thread.java:833)
]]>
            </full-stacktrace>
          </exception> <!-- java.lang.NullPointerException -->
          <reporter-output>
          </reporter-output>
        </test-method> <!-- loginErrorMessage_TC01 -->
        <test-method signature="checkRememberMe_TC03()[pri:0, instance:sfdc.com.tests.LoginTest@79c4715d]" started-at="2022-08-15T17:20:10Z" name="checkRememberMe_TC03" finished-at="2022-08-15T17:20:22Z" duration-ms="12485" status="FAIL">
          <exception class="java.lang.NullPointerException">
            <message>
              <![CDATA[Cannot invoke "com.aventstack.extentreports.ExtentTest.info(String)" because "sfdc.com.tests.LoginTest.test" is null]]>
            </message>
            <full-stacktrace>
              <![CDATA[java.lang.NullPointerException: Cannot invoke "com.aventstack.extentreports.ExtentTest.info(String)" because "sfdc.com.tests.LoginTest.test" is null
at sfdc.com.tests.LoginTest.checkRememberMe_TC03(LoginTest.java:160)
at java.base/jdk.internal.reflect.DirectMethodHandleAccessor.invoke(DirectMethodHandleAccessor.java:104)
at java.base/java.lang.reflect.Method.invoke(Method.java:577)
at org.testng.internal.MethodInvocationHelper.invokeMethod(MethodInvocationHelper.java:124)
at org.testng.internal.Invoker.invokeMethod(Invoker.java:583)
at org.testng.internal.Invoker.invokeTestMethod(Invoker.java:719)
at org.testng.internal.Invoker.invokeTestMethods(Invoker.java:989)
at org.testng.internal.TestMethodWorker.invokeTestMethods(TestMethodWorker.java:125)
at org.testng.internal.TestMethodWorker.run(TestMethodWorker.java:109)
at java.base/java.util.concurrent.ThreadPoolExecutor.runWorker(ThreadPoolExecutor.java:1136)
at java.base/java.util.concurrent.ThreadPoolExecutor$Worker.run(ThreadPoolExecutor.java:635)
at java.base/java.lang.Thread.run(Thread.java:833)
]]>
            </full-stacktrace>
          </exception> <!-- java.lang.NullPointerException -->
          <reporter-output>
          </reporter-output>
        </test-method> <!-- checkRememberMe_TC03 -->
        <test-method signature="forgotPassword_TC04A()[pri:0, instance:sfdc.com.tests.LoginTest@79c4715d]" started-at="2022-08-15T17:20:10Z" name="forgotPassword_TC04A" finished-at="2022-08-15T17:20:17Z" duration-ms="7240" status="FAIL">
          <exception class="java.lang.NullPointerException">
            <message>
              <![CDATA[Cannot invoke "com.aventstack.extentreports.ExtentTest.info(String)" because "sfdc.com.tests.LoginTest.test" is null]]>
            </message>
            <full-stacktrace>
              <![CDATA[java.lang.NullPointerException: Cannot invoke "com.aventstack.extentreports.ExtentTest.info(String)" because "sfdc.com.tests.LoginTest.test" is null
at sfdc.com.tests.LoginTest.forgotPassword_TC04A(LoginTest.java:188)
at java.base/jdk.internal.reflect.DirectMethodHandleAccessor.invoke(DirectMethodHandleAccessor.java:104)
at java.base/java.lang.reflect.Method.invoke(Method.java:577)
at org.testng.internal.MethodInvocationHelper.invokeMethod(MethodInvocationHelper.java:124)
at org.testng.internal.Invoker.invokeMethod(Invoker.java:583)
at org.testng.internal.Invoker.invokeTestMethod(Invoker.java:719)
at org.testng.internal.Invoker.invokeTestMethods(Invoker.java:989)
at org.testng.internal.TestMethodWorker.invokeTestMethods(TestMethodWorker.java:125)
at org.testng.internal.TestMethodWorker.run(TestMethodWorker.java:109)
at java.base/java.util.concurrent.ThreadPoolExecutor.runWorker(ThreadPoolExecutor.java:1136)
at java.base/java.util.concurrent.ThreadPoolExecutor$Worker.run(ThreadPoolExecutor.java:635)
at java.base/java.lang.Thread.run(Thread.java:833)
]]>
            </full-stacktrace>
          </exception> <!-- java.lang.NullPointerException -->
          <reporter-output>
          </reporter-output>
        </test-method> <!-- forgotPassword_TC04A -->
        <test-method signature="forgotPassword_TC04B()[pri:0, instance:sfdc.com.tests.LoginTest@79c4715d]" started-at="2022-08-15T17:20:11Z" name="forgotPassword_TC04B" finished-at="2022-08-15T17:20:18Z" duration-ms="6966" status="FAIL">
          <exception class="java.lang.NullPointerException">
            <message>
              <![CDATA[Cannot invoke "com.aventstack.extentreports.ExtentTest.info(String)" because "sfdc.com.tests.LoginTest.test" is null]]>
            </message>
            <full-stacktrace>
              <![CDATA[java.lang.NullPointerException: Cannot invoke "com.aventstack.extentreports.ExtentTest.info(String)" because "sfdc.com.tests.LoginTest.test" is null
at sfdc.com.tests.LoginTest.forgotPassword_TC04B(LoginTest.java:204)
at java.base/jdk.internal.reflect.DirectMethodHandleAccessor.invoke(DirectMethodHandleAccessor.java:104)
at java.base/java.lang.reflect.Method.invoke(Method.java:577)
at org.testng.internal.MethodInvocationHelper.invokeMethod(MethodInvocationHelper.java:124)
at org.testng.internal.Invoker.invokeMethod(Invoker.java:583)
at org.testng.internal.Invoker.invokeTestMethod(Invoker.java:719)
at org.testng.internal.Invoker.invokeTestMethods(Invoker.java:989)
at org.testng.internal.TestMethodWorker.invokeTestMethods(TestMethodWorker.java:125)
at org.testng.internal.TestMethodWorker.run(TestMethodWorker.java:109)
at java.base/java.util.concurrent.ThreadPoolExecutor.runWorker(ThreadPoolExecutor.java:1136)
at java.base/java.util.concurrent.ThreadPoolExecutor$Worker.run(ThreadPoolExecutor.java:635)
at java.base/java.lang.Thread.run(Thread.java:833)
]]>
            </full-stacktrace>
          </exception> <!-- java.lang.NullPointerException -->
          <reporter-output>
          </reporter-output>
        </test-method> <!-- forgotPassword_TC04B -->
        <test-method is-config="true" signature="tearDown(org.testng.ITestResult)[pri:0, instance:sfdc.com.tests.LoginTest@79c4715d]" started-at="2022-08-15T17:20:17Z" name="tearDown" finished-at="2022-08-15T17:20:26Z" duration-ms="9177" status="PASS">
          <params>
            <param index="0">
              <value>
                <![CDATA[[TestResult name=forgotPassword_TC04A status=FAILURE method=LoginTest.forgotPassword_TC04A()[pri:0, instance:sfdc.com.tests.LoginTest@79c4715d] output={null}]]]>
              </value>
            </param>
          </params>
          <reporter-output>
          </reporter-output>
        </test-method> <!-- tearDown -->
        <test-method is-config="true" signature="tearDown(org.testng.ITestResult)[pri:0, instance:sfdc.com.tests.LoginTest@79c4715d]" started-at="2022-08-15T17:20:18Z" name="tearDown" finished-at="2022-08-15T17:20:26Z" duration-ms="8066" status="PASS">
          <params>
            <param index="0">
              <value>
                <![CDATA[[TestResult name=forgotPassword_TC04B status=FAILURE method=LoginTest.forgotPassword_TC04B()[pri:0, instance:sfdc.com.tests.LoginTest@79c4715d] output={null}]]]>
              </value>
            </param>
          </params>
          <reporter-output>
          </reporter-output>
        </test-method> <!-- tearDown -->
        <test-method is-config="true" signature="tearDown(org.testng.ITestResult)[pri:0, instance:sfdc.com.tests.LoginTest@79c4715d]" started-at="2022-08-15T17:20:20Z" name="tearDown" finished-at="2022-08-15T17:20:26Z" duration-ms="6235" status="PASS">
          <params>
            <param index="0">
              <value>
                <![CDATA[[TestResult name=loginErrorMessage_TC01 status=FAILURE method=LoginTest.loginErrorMessage_TC01(java.lang.reflect.Method)[pri:0, instance:sfdc.com.tests.LoginTest@79c4715d] output={null}]]]>
              </value>
            </param>
          </params>
          <reporter-output>
          </reporter-output>
        </test-method> <!-- tearDown -->
        <test-method is-config="true" signature="tearDown(org.testng.ITestResult)[pri:0, instance:sfdc.com.tests.LoginTest@79c4715d]" started-at="2022-08-15T17:20:22Z" name="tearDown" finished-at="2022-08-15T17:20:26Z" duration-ms="4418" status="PASS">
          <params>
            <param index="0">
              <value>
                <![CDATA[[TestResult name=checkRememberMe_TC03 status=FAILURE method=LoginTest.checkRememberMe_TC03()[pri:0, instance:sfdc.com.tests.LoginTest@79c4715d] output={null}]]]>
              </value>
            </param>
          </params>
          <reporter-output>
          </reporter-output>
        </test-method> <!-- tearDown -->
        <test-method is-config="true" signature="driverSetup(org.testng.ITestContext)[pri:0, instance:sfdc.com.tests.LoginTest@79c4715d]" started-at="2022-08-15T17:20:26Z" name="driverSetup" finished-at="2022-08-15T17:20:30Z" duration-ms="3080" status="PASS">
          <params>
            <param index="0">
              <value>
                <![CDATA[org.testng.TestRunner@4fe01803]]>
              </value>
            </param>
          </params>
          <reporter-output>
          </reporter-output>
        </test-method> <!-- driverSetup -->
        <test-method signature="loginToSFDC_TC02()[pri:1, instance:sfdc.com.tests.LoginTest@79c4715d]" started-at="2022-08-15T17:20:30Z" name="loginToSFDC_TC02" finished-at="2022-08-15T17:20:32Z" duration-ms="2115" status="FAIL">
          <exception class="java.lang.NullPointerException">
            <message>
              <![CDATA[Cannot invoke "com.aventstack.extentreports.ExtentTest.info(String)" because "sfdc.com.tests.LoginTest.test" is null]]>
            </message>
            <full-stacktrace>
              <![CDATA[java.lang.NullPointerException: Cannot invoke "com.aventstack.extentreports.ExtentTest.info(String)" because "sfdc.com.tests.LoginTest.test" is null
at sfdc.com.tests.LoginTest.loginToSFDC_TC02(LoginTest.java:145)
at java.base/jdk.internal.reflect.DirectMethodHandleAccessor.invoke(DirectMethodHandleAccessor.java:104)
at java.base/java.lang.reflect.Method.invoke(Method.java:577)
at org.testng.internal.MethodInvocationHelper.invokeMethod(MethodInvocationHelper.java:124)
at org.testng.internal.Invoker.invokeMethod(Invoker.java:583)
at org.testng.internal.Invoker.invokeTestMethod(Invoker.java:719)
at org.testng.internal.Invoker.invokeTestMethods(Invoker.java:989)
at org.testng.internal.TestMethodWorker.invokeTestMethods(TestMethodWorker.java:125)
at org.testng.internal.TestMethodWorker.run(TestMethodWorker.java:109)
at java.base/java.util.concurrent.ThreadPoolExecutor.runWorker(ThreadPoolExecutor.java:1136)
at java.base/java.util.concurrent.ThreadPoolExecutor$Worker.run(ThreadPoolExecutor.java:635)
at java.base/java.lang.Thread.run(Thread.java:833)
]]>
            </full-stacktrace>
          </exception> <!-- java.lang.NullPointerException -->
          <reporter-output>
          </reporter-output>
        </test-method> <!-- loginToSFDC_TC02 -->
        <test-method is-config="true" signature="tearDown(org.testng.ITestResult)[pri:0, instance:sfdc.com.tests.LoginTest@79c4715d]" started-at="2022-08-15T17:20:32Z" name="tearDown" finished-at="2022-08-15T17:20:33Z" duration-ms="928" status="PASS">
          <params>
            <param index="0">
              <value>
                <![CDATA[[TestResult name=loginToSFDC_TC02 status=FAILURE method=LoginTest.loginToSFDC_TC02()[pri:1, instance:sfdc.com.tests.LoginTest@79c4715d] output={null}]]]>
              </value>
            </param>
          </params>
          <reporter-output>
          </reporter-output>
        </test-method> <!-- tearDown -->
        <test-method is-config="true" signature="reportTearDown()[pri:0, instance:sfdc.com.tests.LoginTest@79c4715d]" started-at="2022-08-15T17:20:33Z" name="reportTearDown" finished-at="2022-08-15T17:20:33Z" duration-ms="1" status="PASS">
          <reporter-output>
          </reporter-output>
        </test-method> <!-- reportTearDown -->
        <test-method is-config="true" signature="tearDown(org.testng.ITestContext)[pri:0, instance:sfdc.com.tests.LoginTest@79c4715d]" started-at="2022-08-15T17:20:33Z" name="tearDown" finished-at="2022-08-15T17:20:33Z" duration-ms="5" status="PASS">
          <params>
            <param index="0">
              <value>
                <![CDATA[org.testng.TestRunner@4fe01803]]>
              </value>
            </param>
          </params>
          <reporter-output>
          </reporter-output>
        </test-method> <!-- tearDown -->
      </class> <!-- sfdc.com.tests.LoginTest -->
    </test> <!-- Test -->
  </suite> <!-- Suite -->
</testng-results>
